=========================================================
Job submitted date = Wed 25 Mar 19:41:59 GMT 2026
1 nodes ( 4 processes per node )
1 hosts used: comp100
Job output begins
-----------------

Traceback (most recent call last):
  File "/usr/lib/python3.10/multiprocessing/util.py", line 300, in _run_finalizers
    finalizer()
  File "/usr/lib/python3.10/multiprocessing/util.py", line 224, in __call__
    res = self._callback(*self._args, **self._kwargs)
  File "/usr/lib/python3.10/multiprocessing/util.py", line 133, in _remove_temp_dir
    rmtree(tempdir)
  File "/usr/lib/python3.10/shutil.py", line 725, in rmtree
    _rmtree_safe_fd(fd, path, onerror)
  File "/usr/lib/python3.10/shutil.py", line 681, in _rmtree_safe_fd
    onerror(os.unlink, fullname, sys.exc_info())
  File "/usr/lib/python3.10/shutil.py", line 679, in _rmtree_safe_fd
    os.unlink(entry.name, dir_fd=topfd)
OSError: [Errno 16] Device or resource busy: '.nfs0000000002ca022000002086'
---------------
Job output ends
=========================================================
PBS job: finished date = Wed 25 Mar 19:43:06 GMT 2026
Total run time : 0 Hours 0 Minutes 30 Seconds
=========================================================
